<?xml version="1.0" encoding="UTF-8"?>
<!-- Generated by org.testng.reporters.JUnitReportReporter -->
<testsuite hostname="DESKTOP-P325L7S" failures="0" tests="2" name="org.test.dateprov" time="5.282" errors="0" timestamp="2024-10-21T19:38:30 IST" skipped="0">
  <testcase classname="org.test.dateprov" name="tc1" time="2.218"/>
  <testcase classname="org.test.dateprov" name="tc1" time="3.064"/>
</testsuite> <!-- org.test.dateprov -->
