<?xml version="1.0" encoding="UTF-8"?>
<!-- Generated by org.testng.reporters.JUnitReportReporter -->
<testsuite hostname="DESKTOP-P325L7S" failures="0" tests="1" name="org.test.Grp" time="0.012" errors="0" timestamp="2024-10-21T19:00:00 IST" skipped="0">
  <testcase classname="org.test.Grp" name="tc1" time="0.012"/>
</testsuite> <!-- org.test.Grp -->
