<?xml version="1.0" encoding="UTF-8"?>
<!-- Generated by org.testng.reporters.JUnitReportReporter -->
<testsuite hostname="DESKTOP-P325L7S" failures="0" tests="5" name="org.test.Testng" time="0.019" errors="0" timestamp="2024-10-21T10:47:47 IST" skipped="1">
  <testcase classname="org.test.Testng" name="tc3" time="0.012"/>
  <testcase classname="org.test.Testng" name="tc1" time="0.001"/>
  <testcase classname="org.test.Testng" name="tc1" time="0.002"/>
  <testcase classname="org.test.Testng" name="tc1" time="0.004"/>
  <testcase classname="org.test.Testng" name="tc2">
    <skipped/>
  </testcase> <!-- tc2 -->
</testsuite> <!-- org.test.Testng -->
